<?xml version="1.0" encoding="UTF-8"?>
<!-- Generated by org.testng.reporters.JUnitReportReporter -->
<testsuite hostname="DESKTOP-FJGHUJB" failures="0" tests="5" name="Com.Maven.QA.Com.Maven.QA.Programs.StarPatternPrograms" time="0.043" errors="0" timestamp="23 Dec 2022 14:45:32 GMT">
  <testcase classname="Com.Maven.QA.Com.Maven.QA.Programs.StarPatternPrograms" name="ForthstarPattern" time="0.004"/>
  <testcase classname="Com.Maven.QA.Com.Maven.QA.Programs.StarPatternPrograms" name="SixthstarPattern" time="0.001"/>
  <testcase classname="Com.Maven.QA.Com.Maven.QA.Programs.StarPatternPrograms" name="SecondstarPattern" time="0.010"/>
  <testcase classname="Com.Maven.QA.Com.Maven.QA.Programs.StarPatternPrograms" name="ThirdstarPattern" time="0.006"/>
  <testcase classname="Com.Maven.QA.Com.Maven.QA.Programs.StarPatternPrograms" name="FstarPattern" time="0.022"/>
</testsuite>
