<?xml version="1.0" encoding="UTF-8"?>
<!-- Generated by org.testng.reporters.JUnitReportReporter -->
<testsuite hostname="DESKTOP-FJGHUJB" failures="0" tests="5" name="Com.Maven.QA.Com.Maven.QA.Programs.StarPatternPrograms" time="0.038" errors="0" timestamp="23 Dec 2022 14:48:13 GMT">
  <testcase classname="Com.Maven.QA.Com.Maven.QA.Programs.StarPatternPrograms" name="ForthstarPattern" time="0.018"/>
  <testcase classname="Com.Maven.QA.Com.Maven.QA.Programs.StarPatternPrograms" name="SixthstarPattern" time="0.003"/>
  <testcase classname="Com.Maven.QA.Com.Maven.QA.Programs.StarPatternPrograms" name="SecondstarPattern" time="0.003"/>
  <testcase classname="Com.Maven.QA.Com.Maven.QA.Programs.StarPatternPrograms" name="ThirdstarPattern" time="0.010"/>
  <testcase classname="Com.Maven.QA.Com.Maven.QA.Programs.StarPatternPrograms" name="FstarPattern" time="0.004"/>
</testsuite>
