<?xml version="1.0" encoding="UTF-8"?>
<!-- Generated by org.testng.reporters.JUnitReportReporter -->
<testsuite hostname="DESKTOP-FJGHUJB" failures="0" tests="3" name="Com.Maven.QA.Com.Maven.QA.Programs.ArraysPrograms" time="0.028" errors="0" timestamp="23 Dec 2022 14:45:32 GMT">
  <testcase classname="Com.Maven.QA.Com.Maven.QA.Programs.ArraysPrograms" name="MissingNumberOfArray" time="0.003"/>
  <testcase classname="Com.Maven.QA.Com.Maven.QA.Programs.ArraysPrograms" name="MinNunberOfArray" time="0.011"/>
  <testcase classname="Com.Maven.QA.Com.Maven.QA.Programs.ArraysPrograms" name="MaxNumberOfArray" time="0.014"/>
</testsuite>
