<?xml version="1.0" encoding="UTF-8"?>
<!-- Generated by org.testng.reporters.JUnitReportReporter -->
<testsuite hostname="DESKTOP-FJGHUJB" failures="0" tests="5" name="Com.Maven.QA.Com.Maven.QA.Programs.StarPatternPrograms" time="0.051" errors="0" timestamp="23 Dec 2022 08:38:49 GMT">
  <testcase classname="Com.Maven.QA.Com.Maven.QA.Programs.StarPatternPrograms" name="SecondstarPattern" time="0.012"/>
  <testcase classname="Com.Maven.QA.Com.Maven.QA.Programs.StarPatternPrograms" name="FstarPattern" time="0.017"/>
  <testcase classname="Com.Maven.QA.Com.Maven.QA.Programs.StarPatternPrograms" name="ForthstarPattern" time="0.011"/>
  <testcase classname="Com.Maven.QA.Com.Maven.QA.Programs.StarPatternPrograms" name="SixthstarPattern" time="0.001"/>
  <testcase classname="Com.Maven.QA.Com.Maven.QA.Programs.StarPatternPrograms" name="ThirdstarPattern" time="0.010"/>
</testsuite>
