<?xml version="1.0" encoding="UTF-8"?>
<!-- Generated by org.testng.reporters.JUnitReportReporter -->
<testsuite hostname="DESKTOP-FJGHUJB" failures="0" tests="1" name="Com.Maven.QA.Com.Maven.QA.Test.JavaProramTest" time="0.026" errors="0" timestamp="23 Dec 2022 02:48:00 GMT">
  <testcase classname="Com.Maven.QA.Com.Maven.QA.Test.JavaProramTest" name="Programs" time="0.026"/>
</testsuite>
