<?xml version="1.0" encoding="UTF-8"?>
<!-- Generated by org.testng.reporters.JUnitReportReporter -->
<testsuite hostname="DESKTOP-FJGHUJB" failures="0" tests="1" name="Com.Maven.QA.Com.Maven.QA.Test.LoginClass" time="7.961" errors="0" timestamp="23 Dec 2022 15:06:42 GMT">
  <testcase classname="Com.Maven.QA.Com.Maven.QA.Test.LoginClass" name="LoginPageTest" time="7.961"/>
</testsuite>
