<?xml version="1.0" encoding="UTF-8"?>
<!-- Generated by org.testng.reporters.JUnitReportReporter -->
<testsuite hostname="DESKTOP-FJGHUJB" failures="0" tests="1" name="Com.Maven.QA.Com.Maven.QA.Test.HomePageTest" time="62.335" errors="0" timestamp="21 Dec 2022 16:46:52 GMT">
  <testcase classname="Com.Maven.QA.Com.Maven.QA.Test.HomePageTest" name="HomePageTestig" time="62.335"/>
</testsuite>
